{"C:\\Users\\elieb\\Documents\\Revature-Projects\\p0-proto\\src\\daos\\db.ts": {"path":"C:\\Users\\elieb\\Documents\\Revature-Projects\\p0-proto\\src\\daos\\db.ts","statementMap":{"0":{"start":{"line":13,"column":0},"end":{"line":13,"column":26}},"1":{"start":{"line":15,"column":13},"end":{"line":21,"column":3}},"2":{"start":{"line":24,"column":0},"end":{"line":24,"column":16}}},"fnMap":{},"branchMap":{},"s":{"0":6,"1":6,"2":6},"f":{},"b":{}}
,"C:\\Users\\elieb\\Documents\\Revature-Projects\\p0-proto\\src\\models\\Collection.ts": {"path":"C:\\Users\\elieb\\Documents\\Revature-Projects\\p0-proto\\src\\models\\Collection.ts","statementMap":{"0":{"start":{"line":18,"column":8},"end":{"line":18,"column":21}},"1":{"start":{"line":19,"column":8},"end":{"line":19,"column":45}},"2":{"start":{"line":20,"column":8},"end":{"line":20,"column":47}},"3":{"start":{"line":11,"column":27},"end":{"line":12,"column":null}},"4":{"start":{"line":14,"column":8},"end":{"line":14,"column":26}},"5":{"start":{"line":1,"column":0},"end":{"line":1,"column":13}}},"fnMap":{"0":{"name":"(anonymous_0)","decl":{"start":{"line":17,"column":4},"end":{"line":17,"column":16}},"loc":{"start":{"line":17,"column":75},"end":{"line":21,"column":5}}},"1":{"name":"(anonymous_1)","decl":{"start":{"line":10,"column":4},"end":{"line":10,"column":10}},"loc":{"start":{"line":10,"column":34},"end":{"line":15,"column":5}}}},"branchMap":{},"s":{"0":6,"1":6,"2":6,"3":0,"4":0,"5":3},"f":{"0":6,"1":0},"b":{}}
,"C:\\Users\\elieb\\Documents\\Revature-Projects\\p0-proto\\src\\models\\Item.ts": {"path":"C:\\Users\\elieb\\Documents\\Revature-Projects\\p0-proto\\src\\models\\Item.ts","statementMap":{"0":{"start":{"line":19,"column":8},"end":{"line":19,"column":21}},"1":{"start":{"line":20,"column":8},"end":{"line":20,"column":33}},"2":{"start":{"line":21,"column":8},"end":{"line":21,"column":27}},"3":{"start":{"line":22,"column":8},"end":{"line":22,"column":45}},"4":{"start":{"line":12,"column":21},"end":{"line":13,"column":null}},"5":{"start":{"line":15,"column":8},"end":{"line":15,"column":20}},"6":{"start":{"line":1,"column":0},"end":{"line":1,"column":13}}},"fnMap":{"0":{"name":"(anonymous_0)","decl":{"start":{"line":18,"column":4},"end":{"line":18,"column":16}},"loc":{"start":{"line":18,"column":83},"end":{"line":23,"column":5}}},"1":{"name":"(anonymous_1)","decl":{"start":{"line":11,"column":4},"end":{"line":11,"column":10}},"loc":{"start":{"line":11,"column":28},"end":{"line":16,"column":5}}}},"branchMap":{},"s":{"0":8,"1":8,"2":8,"3":8,"4":0,"5":0,"6":3},"f":{"0":8,"1":0},"b":{}}
,"C:\\Users\\elieb\\Documents\\Revature-Projects\\p0-proto\\src\\models\\User.ts": {"path":"C:\\Users\\elieb\\Documents\\Revature-Projects\\p0-proto\\src\\models\\User.ts","statementMap":{"0":{"start":{"line":18,"column":8},"end":{"line":18,"column":21}},"1":{"start":{"line":19,"column":8},"end":{"line":19,"column":33}},"2":{"start":{"line":20,"column":8},"end":{"line":20,"column":27}},"3":{"start":{"line":11,"column":21},"end":{"line":12,"column":null}},"4":{"start":{"line":14,"column":8},"end":{"line":14,"column":20}},"5":{"start":{"line":1,"column":0},"end":{"line":1,"column":13}}},"fnMap":{"0":{"name":"(anonymous_0)","decl":{"start":{"line":17,"column":4},"end":{"line":17,"column":16}},"loc":{"start":{"line":17,"column":59},"end":{"line":21,"column":5}}},"1":{"name":"(anonymous_1)","decl":{"start":{"line":10,"column":4},"end":{"line":10,"column":10}},"loc":{"start":{"line":10,"column":28},"end":{"line":15,"column":5}}}},"branchMap":{},"s":{"0":15,"1":15,"2":15,"3":0,"4":0,"5":3},"f":{"0":15,"1":0},"b":{}}
,"C:\\Users\\elieb\\Documents\\Revature-Projects\\p0-proto\\src\\routers\\collections-router.ts": {"path":"C:\\Users\\elieb\\Documents\\Revature-Projects\\p0-proto\\src\\routers\\collections-router.ts","statementMap":{"0":{"start":{"line":1,"column":0},"end":{"line":1,"column":30}},"1":{"start":{"line":2,"column":0},"end":{"line":2,"column":70}},"2":{"start":{"line":4,"column":13},"end":{"line":4,"column":50}},"3":{"start":{"line":10,"column":0},"end":{"line":18,"column":3}},"4":{"start":{"line":11,"column":4},"end":{"line":17,"column":7}},"5":{"start":{"line":12,"column":8},"end":{"line":12,"column":35}},"6":{"start":{"line":13,"column":8},"end":{"line":13,"column":15}},"7":{"start":{"line":15,"column":8},"end":{"line":15,"column":25}},"8":{"start":{"line":16,"column":8},"end":{"line":16,"column":33}},"9":{"start":{"line":25,"column":0},"end":{"line":39,"column":3}},"10":{"start":{"line":26,"column":15},"end":{"line":26,"column":33}},"11":{"start":{"line":27,"column":4},"end":{"line":38,"column":null}},"12":{"start":{"line":28,"column":8},"end":{"line":32,"column":null}},"13":{"start":{"line":29,"column":12},"end":{"line":29,"column":37}},"14":{"start":{"line":31,"column":12},"end":{"line":31,"column":38}},"15":{"start":{"line":33,"column":8},"end":{"line":33,"column":15}},"16":{"start":{"line":35,"column":8},"end":{"line":35,"column":25}},"17":{"start":{"line":36,"column":8},"end":{"line":36,"column":33}},"18":{"start":{"line":37,"column":8},"end":{"line":37,"column":15}},"19":{"start":{"line":41,"column":0},"end":{"line":55,"column":3}},"20":{"start":{"line":42,"column":15},"end":{"line":42,"column":33}},"21":{"start":{"line":43,"column":4},"end":{"line":54,"column":null}},"22":{"start":{"line":44,"column":8},"end":{"line":48,"column":null}},"23":{"start":{"line":45,"column":12},"end":{"line":45,"column":37}},"24":{"start":{"line":47,"column":12},"end":{"line":47,"column":39}},"25":{"start":{"line":49,"column":8},"end":{"line":49,"column":15}},"26":{"start":{"line":51,"column":8},"end":{"line":51,"column":25}},"27":{"start":{"line":52,"column":8},"end":{"line":52,"column":33}},"28":{"start":{"line":53,"column":8},"end":{"line":53,"column":15}},"29":{"start":{"line":62,"column":0},"end":{"line":74,"column":3}},"30":{"start":{"line":63,"column":23},"end":{"line":63,"column":35}},"31":{"start":{"line":64,"column":4},"end":{"line":73,"column":11}},"32":{"start":{"line":66,"column":12},"end":{"line":66,"column":33}},"33":{"start":{"line":67,"column":12},"end":{"line":67,"column":41}},"34":{"start":{"line":68,"column":12},"end":{"line":68,"column":19}},"35":{"start":{"line":70,"column":12},"end":{"line":70,"column":29}},"36":{"start":{"line":71,"column":12},"end":{"line":71,"column":37}},"37":{"start":{"line":72,"column":12},"end":{"line":72,"column":19}},"38":{"start":{"line":77,"column":0},"end":{"line":92,"column":3}},"39":{"start":{"line":78,"column":23},"end":{"line":78,"column":35}},"40":{"start":{"line":79,"column":4},"end":{"line":91,"column":null}},"41":{"start":{"line":81,"column":12},"end":{"line":85,"column":null}},"42":{"start":{"line":82,"column":16},"end":{"line":82,"column":49}},"43":{"start":{"line":84,"column":16},"end":{"line":84,"column":41}},"44":{"start":{"line":87,"column":12},"end":{"line":87,"column":29}},"45":{"start":{"line":88,"column":12},"end":{"line":88,"column":37}},"46":{"start":{"line":90,"column":12},"end":{"line":90,"column":19}},"47":{"start":{"line":95,"column":0},"end":{"line":115,"column":3}},"48":{"start":{"line":96,"column":23},"end":{"line":96,"column":35}},"49":{"start":{"line":97,"column":4},"end":{"line":114,"column":null}},"50":{"start":{"line":99,"column":12},"end":{"line":108,"column":null}},"51":{"start":{"line":100,"column":16},"end":{"line":100,"column":49}},"52":{"start":{"line":102,"column":16},"end":{"line":107,"column":null}},"53":{"start":{"line":104,"column":20},"end":{"line":104,"column":41}},"54":{"start":{"line":105,"column":20},"end":{"line":105,"column":49}},"55":{"start":{"line":106,"column":20},"end":{"line":106,"column":27}},"56":{"start":{"line":110,"column":12},"end":{"line":110,"column":29}},"57":{"start":{"line":111,"column":12},"end":{"line":111,"column":37}},"58":{"start":{"line":113,"column":12},"end":{"line":113,"column":19}},"59":{"start":{"line":117,"column":0},"end":{"line":133,"column":3}},"60":{"start":{"line":118,"column":15},"end":{"line":118,"column":33}},"61":{"start":{"line":119,"column":4},"end":{"line":132,"column":null}},"62":{"start":{"line":120,"column":8},"end":{"line":126,"column":null}},"63":{"start":{"line":121,"column":12},"end":{"line":121,"column":37}},"64":{"start":{"line":123,"column":12},"end":{"line":123,"column":52}},"65":{"start":{"line":124,"column":12},"end":{"line":124,"column":37}},"66":{"start":{"line":125,"column":12},"end":{"line":125,"column":19}},"67":{"start":{"line":128,"column":8},"end":{"line":128,"column":25}},"68":{"start":{"line":129,"column":8},"end":{"line":129,"column":33}},"69":{"start":{"line":131,"column":8},"end":{"line":131,"column":15}}},"fnMap":{"0":{"name":"(anonymous_2)","decl":{"start":{"line":10,"column":26},"end":{"line":10,"column":27}},"loc":{"start":{"line":10,"column":54},"end":{"line":18,"column":1}}},"1":{"name":"(anonymous_3)","decl":{"start":{"line":11,"column":48},"end":{"line":11,"column":59}},"loc":{"start":{"line":11,"column":62},"end":{"line":14,"column":5}}},"2":{"name":"(anonymous_4)","decl":{"start":{"line":14,"column":13},"end":{"line":14,"column":16}},"loc":{"start":{"line":14,"column":19},"end":{"line":17,"column":5}}},"3":{"name":"(anonymous_5)","decl":{"start":{"line":25,"column":30},"end":{"line":25,"column":31}},"loc":{"start":{"line":25,"column":58},"end":{"line":39,"column":1}}},"4":{"name":"(anonymous_6)","decl":{"start":{"line":27,"column":50},"end":{"line":27,"column":60}},"loc":{"start":{"line":27,"column":63},"end":{"line":34,"column":5}}},"5":{"name":"(anonymous_7)","decl":{"start":{"line":34,"column":13},"end":{"line":34,"column":16}},"loc":{"start":{"line":34,"column":19},"end":{"line":38,"column":5}}},"6":{"name":"(anonymous_8)","decl":{"start":{"line":41,"column":37},"end":{"line":41,"column":38}},"loc":{"start":{"line":41,"column":65},"end":{"line":55,"column":1}}},"7":{"name":"(anonymous_9)","decl":{"start":{"line":43,"column":55},"end":{"line":43,"column":66}},"loc":{"start":{"line":43,"column":69},"end":{"line":50,"column":5}}},"8":{"name":"(anonymous_10)","decl":{"start":{"line":50,"column":13},"end":{"line":50,"column":16}},"loc":{"start":{"line":50,"column":19},"end":{"line":54,"column":5}}},"9":{"name":"(anonymous_11)","decl":{"start":{"line":62,"column":27},"end":{"line":62,"column":28}},"loc":{"start":{"line":62,"column":55},"end":{"line":74,"column":1}}},"10":{"name":"(anonymous_12)","decl":{"start":{"line":65,"column":14},"end":{"line":65,"column":27}},"loc":{"start":{"line":65,"column":30},"end":{"line":69,"column":9}}},"11":{"name":"(anonymous_13)","decl":{"start":{"line":69,"column":17},"end":{"line":69,"column":20}},"loc":{"start":{"line":69,"column":23},"end":{"line":73,"column":9}}},"12":{"name":"(anonymous_14)","decl":{"start":{"line":77,"column":28},"end":{"line":77,"column":29}},"loc":{"start":{"line":77,"column":56},"end":{"line":92,"column":1}}},"13":{"name":"(anonymous_15)","decl":{"start":{"line":80,"column":14},"end":{"line":80,"column":31}},"loc":{"start":{"line":80,"column":34},"end":{"line":86,"column":9}}},"14":{"name":"(anonymous_16)","decl":{"start":{"line":86,"column":17},"end":{"line":86,"column":20}},"loc":{"start":{"line":86,"column":23},"end":{"line":89,"column":9}}},"15":{"name":"(anonymous_17)","decl":{"start":{"line":89,"column":19},"end":{"line":89,"column":22}},"loc":{"start":{"line":89,"column":24},"end":{"line":91,"column":9}}},"16":{"name":"(anonymous_18)","decl":{"start":{"line":95,"column":26},"end":{"line":95,"column":27}},"loc":{"start":{"line":95,"column":54},"end":{"line":115,"column":1}}},"17":{"name":"(anonymous_19)","decl":{"start":{"line":98,"column":14},"end":{"line":98,"column":31}},"loc":{"start":{"line":98,"column":34},"end":{"line":109,"column":9}}},"18":{"name":"(anonymous_20)","decl":{"start":{"line":103,"column":22},"end":{"line":103,"column":35}},"loc":{"start":{"line":103,"column":38},"end":{"line":107,"column":17}}},"19":{"name":"(anonymous_21)","decl":{"start":{"line":109,"column":17},"end":{"line":109,"column":20}},"loc":{"start":{"line":109,"column":23},"end":{"line":112,"column":9}}},"20":{"name":"(anonymous_22)","decl":{"start":{"line":112,"column":19},"end":{"line":112,"column":22}},"loc":{"start":{"line":112,"column":24},"end":{"line":114,"column":9}}},"21":{"name":"(anonymous_23)","decl":{"start":{"line":117,"column":33},"end":{"line":117,"column":34}},"loc":{"start":{"line":117,"column":61},"end":{"line":133,"column":1}}},"22":{"name":"(anonymous_24)","decl":{"start":{"line":119,"column":50},"end":{"line":119,"column":60}},"loc":{"start":{"line":119,"column":63},"end":{"line":127,"column":5}}},"23":{"name":"(anonymous_25)","decl":{"start":{"line":127,"column":13},"end":{"line":127,"column":16}},"loc":{"start":{"line":127,"column":19},"end":{"line":130,"column":5}}},"24":{"name":"(anonymous_26)","decl":{"start":{"line":130,"column":15},"end":{"line":130,"column":18}},"loc":{"start":{"line":130,"column":20},"end":{"line":132,"column":5}}}},"branchMap":{"0":{"loc":{"start":{"line":28,"column":8},"end":{"line":32,"column":null}},"type":"if","locations":[{"start":{"line":28,"column":8},"end":{"line":32,"column":null}},{"start":{"line":28,"column":8},"end":{"line":32,"column":null}}]},"1":{"loc":{"start":{"line":44,"column":8},"end":{"line":48,"column":null}},"type":"if","locations":[{"start":{"line":44,"column":8},"end":{"line":48,"column":null}},{"start":{"line":44,"column":8},"end":{"line":48,"column":null}}]},"2":{"loc":{"start":{"line":81,"column":12},"end":{"line":85,"column":null}},"type":"if","locations":[{"start":{"line":81,"column":12},"end":{"line":85,"column":null}},{"start":{"line":81,"column":12},"end":{"line":85,"column":null}}]},"3":{"loc":{"start":{"line":99,"column":12},"end":{"line":108,"column":null}},"type":"if","locations":[{"start":{"line":99,"column":12},"end":{"line":108,"column":null}},{"start":{"line":99,"column":12},"end":{"line":108,"column":null}}]},"4":{"loc":{"start":{"line":120,"column":8},"end":{"line":126,"column":null}},"type":"if","locations":[{"start":{"line":120,"column":8},"end":{"line":126,"column":null}},{"start":{"line":120,"column":8},"end":{"line":126,"column":null}}]}},"s":{"0":1,"1":1,"2":1,"3":1,"4":2,"5":1,"6":1,"7":1,"8":1,"9":1,"10":3,"11":3,"12":2,"13":1,"14":1,"15":2,"16":1,"17":1,"18":1,"19":1,"20":3,"21":3,"22":2,"23":0,"24":2,"25":2,"26":1,"27":1,"28":1,"29":1,"30":2,"31":2,"32":1,"33":1,"34":1,"35":1,"36":1,"37":1,"38":1,"39":3,"40":3,"41":2,"42":1,"43":1,"44":1,"45":1,"46":3,"47":1,"48":3,"49":3,"50":2,"51":2,"52":0,"53":0,"54":0,"55":0,"56":1,"57":1,"58":3,"59":1,"60":3,"61":3,"62":2,"63":1,"64":1,"65":1,"66":1,"67":1,"68":1,"69":3},"f":{"0":2,"1":1,"2":1,"3":3,"4":2,"5":1,"6":3,"7":2,"8":1,"9":2,"10":1,"11":1,"12":3,"13":2,"14":1,"15":3,"16":3,"17":2,"18":0,"19":1,"20":3,"21":3,"22":2,"23":1,"24":3},"b":{"0":[1,1],"1":[0,2],"2":[1,1],"3":[2,0],"4":[1,1]}}
,"C:\\Users\\elieb\\Documents\\Revature-Projects\\p0-proto\\src\\routers\\items-router.ts": {"path":"C:\\Users\\elieb\\Documents\\Revature-Projects\\p0-proto\\src\\routers\\items-router.ts","statementMap":{"0":{"start":{"line":1,"column":0},"end":{"line":1,"column":30}},"1":{"start":{"line":2,"column":0},"end":{"line":2,"column":58}},"2":{"start":{"line":4,"column":13},"end":{"line":4,"column":44}},"3":{"start":{"line":10,"column":0},"end":{"line":18,"column":3}},"4":{"start":{"line":11,"column":4},"end":{"line":17,"column":7}},"5":{"start":{"line":12,"column":8},"end":{"line":12,"column":29}},"6":{"start":{"line":13,"column":8},"end":{"line":13,"column":15}},"7":{"start":{"line":15,"column":8},"end":{"line":15,"column":25}},"8":{"start":{"line":16,"column":8},"end":{"line":16,"column":33}},"9":{"start":{"line":25,"column":0},"end":{"line":40,"column":3}},"10":{"start":{"line":26,"column":15},"end":{"line":26,"column":33}},"11":{"start":{"line":27,"column":4},"end":{"line":39,"column":null}},"12":{"start":{"line":28,"column":8},"end":{"line":33,"column":null}},"13":{"start":{"line":29,"column":12},"end":{"line":29,"column":37}},"14":{"start":{"line":30,"column":12},"end":{"line":30,"column":19}},"15":{"start":{"line":32,"column":12},"end":{"line":32,"column":32}},"16":{"start":{"line":34,"column":8},"end":{"line":34,"column":15}},"17":{"start":{"line":36,"column":8},"end":{"line":36,"column":25}},"18":{"start":{"line":37,"column":8},"end":{"line":37,"column":33}},"19":{"start":{"line":38,"column":8},"end":{"line":38,"column":15}},"20":{"start":{"line":47,"column":0},"end":{"line":64,"column":null}},"21":{"start":{"line":48,"column":15},"end":{"line":48,"column":33}},"22":{"start":{"line":49,"column":4},"end":{"line":62,"column":null}},"23":{"start":{"line":50,"column":8},"end":{"line":57,"column":null}},"24":{"start":{"line":51,"column":12},"end":{"line":51,"column":37}},"25":{"start":{"line":52,"column":12},"end":{"line":52,"column":19}},"26":{"start":{"line":54,"column":12},"end":{"line":54,"column":37}},"27":{"start":{"line":55,"column":12},"end":{"line":55,"column":33}},"28":{"start":{"line":56,"column":12},"end":{"line":56,"column":19}},"29":{"start":{"line":59,"column":8},"end":{"line":59,"column":25}},"30":{"start":{"line":60,"column":8},"end":{"line":60,"column":33}},"31":{"start":{"line":61,"column":8},"end":{"line":61,"column":15}},"32":{"start":{"line":72,"column":0},"end":{"line":84,"column":3}},"33":{"start":{"line":73,"column":17},"end":{"line":73,"column":29}},"34":{"start":{"line":74,"column":4},"end":{"line":83,"column":11}},"35":{"start":{"line":76,"column":12},"end":{"line":76,"column":33}},"36":{"start":{"line":77,"column":12},"end":{"line":77,"column":35}},"37":{"start":{"line":78,"column":12},"end":{"line":78,"column":19}},"38":{"start":{"line":80,"column":12},"end":{"line":80,"column":29}},"39":{"start":{"line":81,"column":12},"end":{"line":81,"column":37}},"40":{"start":{"line":82,"column":12},"end":{"line":82,"column":19}},"41":{"start":{"line":87,"column":0},"end":{"line":103,"column":3}},"42":{"start":{"line":88,"column":17},"end":{"line":88,"column":29}},"43":{"start":{"line":89,"column":4},"end":{"line":102,"column":null}},"44":{"start":{"line":91,"column":12},"end":{"line":96,"column":null}},"45":{"start":{"line":92,"column":16},"end":{"line":92,"column":41}},"46":{"start":{"line":93,"column":16},"end":{"line":93,"column":43}},"47":{"start":{"line":95,"column":16},"end":{"line":95,"column":41}},"48":{"start":{"line":98,"column":12},"end":{"line":98,"column":29}},"49":{"start":{"line":99,"column":12},"end":{"line":99,"column":37}},"50":{"start":{"line":101,"column":12},"end":{"line":101,"column":19}},"51":{"start":{"line":106,"column":0},"end":{"line":126,"column":3}},"52":{"start":{"line":107,"column":17},"end":{"line":107,"column":29}},"53":{"start":{"line":108,"column":4},"end":{"line":125,"column":null}},"54":{"start":{"line":110,"column":12},"end":{"line":119,"column":null}},"55":{"start":{"line":111,"column":16},"end":{"line":111,"column":43}},"56":{"start":{"line":113,"column":16},"end":{"line":118,"column":null}},"57":{"start":{"line":115,"column":20},"end":{"line":115,"column":41}},"58":{"start":{"line":116,"column":20},"end":{"line":116,"column":43}},"59":{"start":{"line":117,"column":20},"end":{"line":117,"column":27}},"60":{"start":{"line":121,"column":12},"end":{"line":121,"column":29}},"61":{"start":{"line":122,"column":12},"end":{"line":122,"column":37}},"62":{"start":{"line":124,"column":12},"end":{"line":124,"column":19}},"63":{"start":{"line":129,"column":0},"end":{"line":145,"column":3}},"64":{"start":{"line":130,"column":15},"end":{"line":130,"column":33}},"65":{"start":{"line":131,"column":4},"end":{"line":144,"column":null}},"66":{"start":{"line":132,"column":8},"end":{"line":138,"column":null}},"67":{"start":{"line":133,"column":12},"end":{"line":133,"column":37}},"68":{"start":{"line":135,"column":12},"end":{"line":135,"column":40}},"69":{"start":{"line":136,"column":12},"end":{"line":136,"column":37}},"70":{"start":{"line":137,"column":12},"end":{"line":137,"column":19}},"71":{"start":{"line":140,"column":8},"end":{"line":140,"column":25}},"72":{"start":{"line":141,"column":8},"end":{"line":141,"column":33}},"73":{"start":{"line":143,"column":8},"end":{"line":143,"column":15}}},"fnMap":{"0":{"name":"(anonymous_2)","decl":{"start":{"line":10,"column":20},"end":{"line":10,"column":21}},"loc":{"start":{"line":10,"column":48},"end":{"line":18,"column":1}}},"1":{"name":"(anonymous_3)","decl":{"start":{"line":11,"column":36},"end":{"line":11,"column":41}},"loc":{"start":{"line":11,"column":44},"end":{"line":14,"column":5}}},"2":{"name":"(anonymous_4)","decl":{"start":{"line":14,"column":13},"end":{"line":14,"column":16}},"loc":{"start":{"line":14,"column":19},"end":{"line":17,"column":5}}},"3":{"name":"(anonymous_5)","decl":{"start":{"line":25,"column":24},"end":{"line":25,"column":25}},"loc":{"start":{"line":25,"column":52},"end":{"line":40,"column":1}}},"4":{"name":"(anonymous_6)","decl":{"start":{"line":27,"column":38},"end":{"line":27,"column":42}},"loc":{"start":{"line":27,"column":45},"end":{"line":35,"column":5}}},"5":{"name":"(anonymous_7)","decl":{"start":{"line":35,"column":13},"end":{"line":35,"column":16}},"loc":{"start":{"line":35,"column":19},"end":{"line":39,"column":5}}},"6":{"name":"(anonymous_8)","decl":{"start":{"line":47,"column":31},"end":{"line":47,"column":32}},"loc":{"start":{"line":47,"column":59},"end":{"line":63,"column":5}}},"7":{"name":"(anonymous_9)","decl":{"start":{"line":49,"column":43},"end":{"line":49,"column":48}},"loc":{"start":{"line":49,"column":51},"end":{"line":58,"column":5}}},"8":{"name":"(anonymous_10)","decl":{"start":{"line":58,"column":13},"end":{"line":58,"column":16}},"loc":{"start":{"line":58,"column":19},"end":{"line":62,"column":9}}},"9":{"name":"(anonymous_11)","decl":{"start":{"line":72,"column":21},"end":{"line":72,"column":22}},"loc":{"start":{"line":72,"column":49},"end":{"line":84,"column":1}}},"10":{"name":"(anonymous_12)","decl":{"start":{"line":75,"column":14},"end":{"line":75,"column":21}},"loc":{"start":{"line":75,"column":24},"end":{"line":79,"column":9}}},"11":{"name":"(anonymous_13)","decl":{"start":{"line":79,"column":17},"end":{"line":79,"column":20}},"loc":{"start":{"line":79,"column":23},"end":{"line":83,"column":9}}},"12":{"name":"(anonymous_14)","decl":{"start":{"line":87,"column":22},"end":{"line":87,"column":23}},"loc":{"start":{"line":87,"column":50},"end":{"line":103,"column":1}}},"13":{"name":"(anonymous_15)","decl":{"start":{"line":90,"column":14},"end":{"line":90,"column":25}},"loc":{"start":{"line":90,"column":28},"end":{"line":97,"column":9}}},"14":{"name":"(anonymous_16)","decl":{"start":{"line":97,"column":17},"end":{"line":97,"column":20}},"loc":{"start":{"line":97,"column":23},"end":{"line":100,"column":9}}},"15":{"name":"(anonymous_17)","decl":{"start":{"line":100,"column":19},"end":{"line":100,"column":22}},"loc":{"start":{"line":100,"column":24},"end":{"line":102,"column":9}}},"16":{"name":"(anonymous_18)","decl":{"start":{"line":106,"column":20},"end":{"line":106,"column":21}},"loc":{"start":{"line":106,"column":48},"end":{"line":126,"column":1}}},"17":{"name":"(anonymous_19)","decl":{"start":{"line":109,"column":14},"end":{"line":109,"column":25}},"loc":{"start":{"line":109,"column":28},"end":{"line":120,"column":9}}},"18":{"name":"(anonymous_20)","decl":{"start":{"line":114,"column":22},"end":{"line":114,"column":29}},"loc":{"start":{"line":114,"column":32},"end":{"line":118,"column":17}}},"19":{"name":"(anonymous_21)","decl":{"start":{"line":120,"column":17},"end":{"line":120,"column":20}},"loc":{"start":{"line":120,"column":23},"end":{"line":123,"column":9}}},"20":{"name":"(anonymous_22)","decl":{"start":{"line":123,"column":19},"end":{"line":123,"column":22}},"loc":{"start":{"line":123,"column":24},"end":{"line":125,"column":9}}},"21":{"name":"(anonymous_23)","decl":{"start":{"line":129,"column":27},"end":{"line":129,"column":28}},"loc":{"start":{"line":129,"column":55},"end":{"line":145,"column":1}}},"22":{"name":"(anonymous_24)","decl":{"start":{"line":131,"column":38},"end":{"line":131,"column":42}},"loc":{"start":{"line":131,"column":45},"end":{"line":139,"column":5}}},"23":{"name":"(anonymous_25)","decl":{"start":{"line":139,"column":13},"end":{"line":139,"column":16}},"loc":{"start":{"line":139,"column":19},"end":{"line":142,"column":5}}},"24":{"name":"(anonymous_26)","decl":{"start":{"line":142,"column":15},"end":{"line":142,"column":18}},"loc":{"start":{"line":142,"column":20},"end":{"line":144,"column":5}}}},"branchMap":{"0":{"loc":{"start":{"line":28,"column":8},"end":{"line":33,"column":null}},"type":"if","locations":[{"start":{"line":28,"column":8},"end":{"line":33,"column":null}},{"start":{"line":28,"column":8},"end":{"line":33,"column":null}}]},"1":{"loc":{"start":{"line":50,"column":8},"end":{"line":57,"column":null}},"type":"if","locations":[{"start":{"line":50,"column":8},"end":{"line":57,"column":null}},{"start":{"line":50,"column":8},"end":{"line":57,"column":null}}]},"2":{"loc":{"start":{"line":91,"column":12},"end":{"line":96,"column":null}},"type":"if","locations":[{"start":{"line":91,"column":12},"end":{"line":96,"column":null}},{"start":{"line":91,"column":12},"end":{"line":96,"column":null}}]},"3":{"loc":{"start":{"line":110,"column":12},"end":{"line":119,"column":null}},"type":"if","locations":[{"start":{"line":110,"column":12},"end":{"line":119,"column":null}},{"start":{"line":110,"column":12},"end":{"line":119,"column":null}}]},"4":{"loc":{"start":{"line":132,"column":8},"end":{"line":138,"column":null}},"type":"if","locations":[{"start":{"line":132,"column":8},"end":{"line":138,"column":null}},{"start":{"line":132,"column":8},"end":{"line":138,"column":null}}]}},"s":{"0":1,"1":1,"2":1,"3":1,"4":2,"5":1,"6":1,"7":1,"8":1,"9":1,"10":6,"11":6,"12":2,"13":1,"14":1,"15":1,"16":2,"17":4,"18":4,"19":4,"20":1,"21":0,"22":0,"23":0,"24":0,"25":0,"26":0,"27":0,"28":0,"29":0,"30":0,"31":0,"32":1,"33":2,"34":2,"35":1,"36":1,"37":1,"38":1,"39":1,"40":1,"41":1,"42":3,"43":3,"44":2,"45":1,"46":1,"47":1,"48":2,"49":2,"50":3,"51":1,"52":3,"53":3,"54":2,"55":2,"56":0,"57":0,"58":0,"59":0,"60":1,"61":1,"62":3,"63":1,"64":3,"65":3,"66":0,"67":0,"68":0,"69":0,"70":0,"71":3,"72":3,"73":3},"f":{"0":2,"1":1,"2":1,"3":6,"4":2,"5":4,"6":0,"7":0,"8":0,"9":2,"10":1,"11":1,"12":3,"13":2,"14":2,"15":3,"16":3,"17":2,"18":0,"19":1,"20":3,"21":3,"22":0,"23":3,"24":3},"b":{"0":[1,1],"1":[0,0],"2":[1,1],"3":[2,0],"4":[0,0]}}
,"C:\\Users\\elieb\\Documents\\Revature-Projects\\p0-proto\\src\\routers\\users-router.ts": {"path":"C:\\Users\\elieb\\Documents\\Revature-Projects\\p0-proto\\src\\routers\\users-router.ts","statementMap":{"0":{"start":{"line":1,"column":0},"end":{"line":1,"column":30}},"1":{"start":{"line":2,"column":0},"end":{"line":2,"column":58}},"2":{"start":{"line":7,"column":13},"end":{"line":7,"column":44}},"3":{"start":{"line":13,"column":0},"end":{"line":21,"column":3}},"4":{"start":{"line":14,"column":4},"end":{"line":20,"column":7}},"5":{"start":{"line":15,"column":8},"end":{"line":15,"column":29}},"6":{"start":{"line":16,"column":8},"end":{"line":16,"column":15}},"7":{"start":{"line":18,"column":8},"end":{"line":18,"column":25}},"8":{"start":{"line":19,"column":8},"end":{"line":19,"column":33}},"9":{"start":{"line":28,"column":0},"end":{"line":42,"column":3}},"10":{"start":{"line":29,"column":15},"end":{"line":29,"column":33}},"11":{"start":{"line":30,"column":4},"end":{"line":41,"column":null}},"12":{"start":{"line":31,"column":8},"end":{"line":35,"column":null}},"13":{"start":{"line":32,"column":12},"end":{"line":32,"column":37}},"14":{"start":{"line":34,"column":12},"end":{"line":34,"column":32}},"15":{"start":{"line":36,"column":8},"end":{"line":36,"column":15}},"16":{"start":{"line":38,"column":8},"end":{"line":38,"column":25}},"17":{"start":{"line":39,"column":8},"end":{"line":39,"column":33}},"18":{"start":{"line":40,"column":8},"end":{"line":40,"column":15}},"19":{"start":{"line":49,"column":0},"end":{"line":62,"column":3}},"20":{"start":{"line":51,"column":17},"end":{"line":51,"column":29}},"21":{"start":{"line":52,"column":4},"end":{"line":61,"column":11}},"22":{"start":{"line":54,"column":12},"end":{"line":54,"column":33}},"23":{"start":{"line":55,"column":12},"end":{"line":55,"column":35}},"24":{"start":{"line":56,"column":12},"end":{"line":56,"column":19}},"25":{"start":{"line":58,"column":12},"end":{"line":58,"column":29}},"26":{"start":{"line":59,"column":12},"end":{"line":59,"column":37}},"27":{"start":{"line":60,"column":12},"end":{"line":60,"column":19}},"28":{"start":{"line":65,"column":0},"end":{"line":80,"column":3}},"29":{"start":{"line":66,"column":17},"end":{"line":66,"column":29}},"30":{"start":{"line":67,"column":4},"end":{"line":79,"column":null}},"31":{"start":{"line":69,"column":12},"end":{"line":73,"column":null}},"32":{"start":{"line":70,"column":16},"end":{"line":70,"column":43}},"33":{"start":{"line":72,"column":16},"end":{"line":72,"column":41}},"34":{"start":{"line":75,"column":12},"end":{"line":75,"column":29}},"35":{"start":{"line":76,"column":12},"end":{"line":76,"column":37}},"36":{"start":{"line":78,"column":12},"end":{"line":78,"column":19}},"37":{"start":{"line":83,"column":0},"end":{"line":114,"column":3}},"38":{"start":{"line":84,"column":17},"end":{"line":84,"column":29}},"39":{"start":{"line":85,"column":4},"end":{"line":113,"column":null}},"40":{"start":{"line":86,"column":8},"end":{"line":86,"column":81}},"41":{"start":{"line":87,"column":8},"end":{"line":92,"column":15}},"42":{"start":{"line":89,"column":16},"end":{"line":89,"column":37}},"43":{"start":{"line":90,"column":16},"end":{"line":90,"column":36}},"44":{"start":{"line":91,"column":16},"end":{"line":91,"column":23}},"45":{"start":{"line":94,"column":8},"end":{"line":112,"column":11}},"46":{"start":{"line":96,"column":12},"end":{"line":108,"column":10}},"47":{"start":{"line":97,"column":16},"end":{"line":97,"column":37}},"48":{"start":{"line":98,"column":16},"end":{"line":98,"column":43}},"49":{"start":{"line":99,"column":16},"end":{"line":99,"column":23}},"50":{"start":{"line":101,"column":16},"end":{"line":101,"column":96}},"51":{"start":{"line":102,"column":16},"end":{"line":107,"column":15}},"52":{"start":{"line":104,"column":20},"end":{"line":104,"column":41}},"53":{"start":{"line":105,"column":20},"end":{"line":105,"column":40}},"54":{"start":{"line":106,"column":20},"end":{"line":106,"column":27}},"55":{"start":{"line":109,"column":12},"end":{"line":109,"column":29}},"56":{"start":{"line":110,"column":12},"end":{"line":110,"column":37}},"57":{"start":{"line":111,"column":12},"end":{"line":111,"column":19}},"58":{"start":{"line":140,"column":0},"end":{"line":168,"column":3}},"59":{"start":{"line":141,"column":17},"end":{"line":141,"column":29}},"60":{"start":{"line":142,"column":15},"end":{"line":142,"column":33}},"61":{"start":{"line":143,"column":4},"end":{"line":147,"column":null}},"62":{"start":{"line":144,"column":8},"end":{"line":144,"column":null}},"63":{"start":{"line":145,"column":8},"end":{"line":145,"column":33}},"64":{"start":{"line":146,"column":8},"end":{"line":146,"column":31}},"65":{"start":{"line":148,"column":4},"end":{"line":167,"column":11}},"66":{"start":{"line":150,"column":12},"end":{"line":162,"column":14}},"67":{"start":{"line":151,"column":16},"end":{"line":151,"column":37}},"68":{"start":{"line":152,"column":16},"end":{"line":152,"column":43}},"69":{"start":{"line":155,"column":16},"end":{"line":155,"column":81}},"70":{"start":{"line":156,"column":16},"end":{"line":161,"column":19}},"71":{"start":{"line":158,"column":20},"end":{"line":158,"column":41}},"72":{"start":{"line":159,"column":20},"end":{"line":159,"column":40}},"73":{"start":{"line":160,"column":20},"end":{"line":160,"column":27}},"74":{"start":{"line":164,"column":12},"end":{"line":164,"column":29}},"75":{"start":{"line":165,"column":12},"end":{"line":165,"column":37}},"76":{"start":{"line":166,"column":12},"end":{"line":166,"column":19}},"77":{"start":{"line":170,"column":0},"end":{"line":186,"column":3}},"78":{"start":{"line":171,"column":15},"end":{"line":171,"column":33}},"79":{"start":{"line":172,"column":4},"end":{"line":185,"column":null}},"80":{"start":{"line":173,"column":8},"end":{"line":180,"column":null}},"81":{"start":{"line":174,"column":12},"end":{"line":174,"column":37}},"82":{"start":{"line":175,"column":12},"end":{"line":175,"column":19}},"83":{"start":{"line":177,"column":12},"end":{"line":177,"column":40}},"84":{"start":{"line":178,"column":12},"end":{"line":178,"column":37}},"85":{"start":{"line":179,"column":12},"end":{"line":179,"column":19}},"86":{"start":{"line":182,"column":8},"end":{"line":182,"column":25}},"87":{"start":{"line":183,"column":8},"end":{"line":183,"column":33}},"88":{"start":{"line":184,"column":8},"end":{"line":184,"column":15}}},"fnMap":{"0":{"name":"(anonymous_2)","decl":{"start":{"line":13,"column":20},"end":{"line":13,"column":21}},"loc":{"start":{"line":13,"column":48},"end":{"line":21,"column":1}}},"1":{"name":"(anonymous_3)","decl":{"start":{"line":14,"column":36},"end":{"line":14,"column":41}},"loc":{"start":{"line":14,"column":44},"end":{"line":17,"column":5}}},"2":{"name":"(anonymous_4)","decl":{"start":{"line":17,"column":13},"end":{"line":17,"column":16}},"loc":{"start":{"line":17,"column":19},"end":{"line":20,"column":5}}},"3":{"name":"(anonymous_5)","decl":{"start":{"line":28,"column":24},"end":{"line":28,"column":25}},"loc":{"start":{"line":28,"column":52},"end":{"line":42,"column":1}}},"4":{"name":"(anonymous_6)","decl":{"start":{"line":30,"column":38},"end":{"line":30,"column":42}},"loc":{"start":{"line":30,"column":45},"end":{"line":37,"column":5}}},"5":{"name":"(anonymous_7)","decl":{"start":{"line":37,"column":13},"end":{"line":37,"column":16}},"loc":{"start":{"line":37,"column":19},"end":{"line":41,"column":5}}},"6":{"name":"(anonymous_8)","decl":{"start":{"line":49,"column":21},"end":{"line":49,"column":22}},"loc":{"start":{"line":49,"column":49},"end":{"line":62,"column":1}}},"7":{"name":"(anonymous_9)","decl":{"start":{"line":53,"column":14},"end":{"line":53,"column":21}},"loc":{"start":{"line":53,"column":24},"end":{"line":57,"column":9}}},"8":{"name":"(anonymous_10)","decl":{"start":{"line":57,"column":17},"end":{"line":57,"column":20}},"loc":{"start":{"line":57,"column":23},"end":{"line":61,"column":9}}},"9":{"name":"(anonymous_11)","decl":{"start":{"line":65,"column":22},"end":{"line":65,"column":23}},"loc":{"start":{"line":65,"column":50},"end":{"line":80,"column":1}}},"10":{"name":"(anonymous_12)","decl":{"start":{"line":68,"column":14},"end":{"line":68,"column":25}},"loc":{"start":{"line":68,"column":28},"end":{"line":74,"column":9}}},"11":{"name":"(anonymous_13)","decl":{"start":{"line":74,"column":17},"end":{"line":74,"column":20}},"loc":{"start":{"line":74,"column":23},"end":{"line":77,"column":9}}},"12":{"name":"(anonymous_14)","decl":{"start":{"line":77,"column":19},"end":{"line":77,"column":22}},"loc":{"start":{"line":77,"column":24},"end":{"line":79,"column":9}}},"13":{"name":"(anonymous_15)","decl":{"start":{"line":83,"column":20},"end":{"line":83,"column":21}},"loc":{"start":{"line":83,"column":48},"end":{"line":114,"column":1}}},"14":{"name":"(anonymous_16)","decl":{"start":{"line":88,"column":18},"end":{"line":88,"column":22}},"loc":{"start":{"line":88,"column":25},"end":{"line":92,"column":13}}},"15":{"name":"(anonymous_17)","decl":{"start":{"line":95,"column":14},"end":{"line":95,"column":25}},"loc":{"start":{"line":95,"column":28},"end":{"line":108,"column":10}}},"16":{"name":"(anonymous_18)","decl":{"start":{"line":103,"column":22},"end":{"line":103,"column":26}},"loc":{"start":{"line":103,"column":29},"end":{"line":107,"column":13}}},"17":{"name":"(anonymous_19)","decl":{"start":{"line":108,"column":18},"end":{"line":108,"column":21}},"loc":{"start":{"line":108,"column":24},"end":{"line":112,"column":9}}},"18":{"name":"(anonymous_20)","decl":{"start":{"line":140,"column":24},"end":{"line":140,"column":25}},"loc":{"start":{"line":140,"column":52},"end":{"line":168,"column":1}}},"19":{"name":"(anonymous_21)","decl":{"start":{"line":149,"column":14},"end":{"line":149,"column":25}},"loc":{"start":{"line":149,"column":28},"end":{"line":163,"column":9}}},"20":{"name":"(anonymous_22)","decl":{"start":{"line":157,"column":22},"end":{"line":157,"column":26}},"loc":{"start":{"line":157,"column":29},"end":{"line":161,"column":17}}},"21":{"name":"(anonymous_23)","decl":{"start":{"line":163,"column":17},"end":{"line":163,"column":20}},"loc":{"start":{"line":163,"column":23},"end":{"line":167,"column":9}}},"22":{"name":"(anonymous_24)","decl":{"start":{"line":170,"column":27},"end":{"line":170,"column":28}},"loc":{"start":{"line":170,"column":55},"end":{"line":186,"column":1}}},"23":{"name":"(anonymous_25)","decl":{"start":{"line":172,"column":38},"end":{"line":172,"column":42}},"loc":{"start":{"line":172,"column":45},"end":{"line":181,"column":5}}},"24":{"name":"(anonymous_26)","decl":{"start":{"line":181,"column":13},"end":{"line":181,"column":16}},"loc":{"start":{"line":181,"column":19},"end":{"line":185,"column":5}}}},"branchMap":{"0":{"loc":{"start":{"line":31,"column":8},"end":{"line":35,"column":null}},"type":"if","locations":[{"start":{"line":31,"column":8},"end":{"line":35,"column":null}},{"start":{"line":31,"column":8},"end":{"line":35,"column":null}}]},"1":{"loc":{"start":{"line":69,"column":12},"end":{"line":73,"column":null}},"type":"if","locations":[{"start":{"line":69,"column":12},"end":{"line":73,"column":null}},{"start":{"line":69,"column":12},"end":{"line":73,"column":null}}]},"2":{"loc":{"start":{"line":85,"column":4},"end":{"line":113,"column":null}},"type":"if","locations":[{"start":{"line":85,"column":4},"end":{"line":113,"column":null}},{"start":{"line":85,"column":4},"end":{"line":113,"column":null}}]},"3":{"loc":{"start":{"line":96,"column":12},"end":{"line":108,"column":10}},"type":"if","locations":[{"start":{"line":96,"column":12},"end":{"line":108,"column":10}},{"start":{"line":96,"column":12},"end":{"line":108,"column":10}}]},"4":{"loc":{"start":{"line":143,"column":4},"end":{"line":147,"column":null}},"type":"if","locations":[{"start":{"line":143,"column":4},"end":{"line":147,"column":null}},{"start":{"line":143,"column":4},"end":{"line":147,"column":null}}]},"5":{"loc":{"start":{"line":150,"column":12},"end":{"line":162,"column":14}},"type":"if","locations":[{"start":{"line":150,"column":12},"end":{"line":162,"column":14}},{"start":{"line":150,"column":12},"end":{"line":162,"column":14}}]},"6":{"loc":{"start":{"line":173,"column":8},"end":{"line":180,"column":null}},"type":"if","locations":[{"start":{"line":173,"column":8},"end":{"line":180,"column":null}},{"start":{"line":173,"column":8},"end":{"line":180,"column":null}}]}},"s":{"0":1,"1":1,"2":1,"3":1,"4":1,"5":1,"6":1,"7":0,"8":0,"9":1,"10":3,"11":3,"12":2,"13":1,"14":1,"15":2,"16":1,"17":1,"18":1,"19":1,"20":2,"21":2,"22":1,"23":1,"24":1,"25":1,"26":1,"27":1,"28":1,"29":3,"30":3,"31":2,"32":1,"33":1,"34":1,"35":1,"36":3,"37":1,"38":5,"39":5,"40":0,"41":0,"42":0,"43":0,"44":0,"45":5,"46":2,"47":1,"48":1,"49":1,"50":1,"51":1,"52":1,"53":1,"54":1,"55":2,"56":2,"57":2,"58":1,"59":3,"60":3,"61":3,"62":3,"63":3,"64":3,"65":0,"66":0,"67":0,"68":0,"69":0,"70":0,"71":0,"72":0,"73":0,"74":0,"75":0,"76":0,"77":1,"78":3,"79":3,"80":2,"81":0,"82":0,"83":2,"84":2,"85":2,"86":1,"87":1,"88":1},"f":{"0":1,"1":1,"2":0,"3":3,"4":2,"5":1,"6":2,"7":1,"8":1,"9":3,"10":2,"11":1,"12":3,"13":5,"14":0,"15":2,"16":1,"17":2,"18":3,"19":0,"20":0,"21":0,"22":3,"23":2,"24":1},"b":{"0":[1,1],"1":[1,1],"2":[0,5],"3":[1,1],"4":[3,0],"5":[0,0],"6":[0,2]}}
,"C:\\Users\\elieb\\Documents\\Revature-Projects\\p0-proto\\src\\services\\collections-service.ts": {"path":"C:\\Users\\elieb\\Documents\\Revature-Projects\\p0-proto\\src\\services\\collections-service.ts","statementMap":{"0":{"start":{"line":1,"column":0},"end":{"line":1,"column":50}},"1":{"start":{"line":2,"column":0},"end":{"line":2,"column":58}},"2":{"start":{"line":6,"column":4},"end":{"line":6,"column":46}},"3":{"start":{"line":4,"column":0},"end":{"line":4,"column":16}},"4":{"start":{"line":11,"column":4},"end":{"line":11,"column":48}},"5":{"start":{"line":9,"column":0},"end":{"line":9,"column":16}},"6":{"start":{"line":16,"column":4},"end":{"line":16,"column":53}},"7":{"start":{"line":14,"column":0},"end":{"line":14,"column":16}},"8":{"start":{"line":22,"column":26},"end":{"line":23,"column":null}},"9":{"start":{"line":29,"column":4},"end":{"line":37,"column":null}},"10":{"start":{"line":31,"column":8},"end":{"line":31,"column":60}},"11":{"start":{"line":34,"column":8},"end":{"line":34,"column":37}},"12":{"start":{"line":35,"column":8},"end":{"line":35,"column":null}},"13":{"start":{"line":36,"column":8},"end":{"line":36,"column":61}},"14":{"start":{"line":36,"column":48},"end":{"line":36,"column":59}},"15":{"start":{"line":19,"column":0},"end":{"line":19,"column":16}},"16":{"start":{"line":43,"column":23},"end":{"line":44,"column":null}},"17":{"start":{"line":47,"column":4},"end":{"line":49,"column":null}},"18":{"start":{"line":48,"column":8},"end":{"line":48,"column":31}},"19":{"start":{"line":51,"column":4},"end":{"line":51,"column":54}},"20":{"start":{"line":41,"column":0},"end":{"line":41,"column":16}},"21":{"start":{"line":57,"column":23},"end":{"line":58,"column":null}},"22":{"start":{"line":61,"column":4},"end":{"line":63,"column":null}},"23":{"start":{"line":62,"column":8},"end":{"line":62,"column":31}},"24":{"start":{"line":65,"column":4},"end":{"line":65,"column":52}},"25":{"start":{"line":55,"column":0},"end":{"line":55,"column":16}},"26":{"start":{"line":69,"column":4},"end":{"line":69,"column":47}},"27":{"start":{"line":68,"column":0},"end":{"line":68,"column":16}}},"fnMap":{"0":{"name":"getAllCollections","decl":{"start":{"line":4,"column":16},"end":{"line":4,"column":33}},"loc":{"start":{"line":4,"column":33},"end":{"line":7,"column":1}}},"1":{"name":"getCollectionById","decl":{"start":{"line":9,"column":16},"end":{"line":9,"column":33}},"loc":{"start":{"line":9,"column":44},"end":{"line":12,"column":1}}},"2":{"name":"getCollectionsByUserId","decl":{"start":{"line":14,"column":16},"end":{"line":14,"column":38}},"loc":{"start":{"line":14,"column":49},"end":{"line":17,"column":1}}},"3":{"name":"saveCollection","decl":{"start":{"line":19,"column":16},"end":{"line":19,"column":30}},"loc":{"start":{"line":19,"column":46},"end":{"line":38,"column":1}}},"4":{"name":"(anonymous_5)","decl":{"start":{"line":36,"column":27},"end":{"line":36,"column":28}},"loc":{"start":{"line":36,"column":48},"end":{"line":36,"column":59}}},"5":{"name":"patchCollection","decl":{"start":{"line":41,"column":16},"end":{"line":41,"column":31}},"loc":{"start":{"line":41,"column":42},"end":{"line":53,"column":1}}},"6":{"name":"putCollection","decl":{"start":{"line":55,"column":16},"end":{"line":55,"column":29}},"loc":{"start":{"line":55,"column":40},"end":{"line":66,"column":1}}},"7":{"name":"deleteCollection","decl":{"start":{"line":68,"column":16},"end":{"line":68,"column":32}},"loc":{"start":{"line":68,"column":43},"end":{"line":70,"column":1}}}},"branchMap":{"0":{"loc":{"start":{"line":29,"column":4},"end":{"line":37,"column":null}},"type":"if","locations":[{"start":{"line":29,"column":4},"end":{"line":37,"column":null}},{"start":{"line":29,"column":4},"end":{"line":37,"column":null}}]},"1":{"loc":{"start":{"line":47,"column":4},"end":{"line":49,"column":null}},"type":"if","locations":[{"start":{"line":47,"column":4},"end":{"line":49,"column":null}},{"start":{"line":47,"column":4},"end":{"line":49,"column":null}}]},"2":{"loc":{"start":{"line":61,"column":4},"end":{"line":63,"column":null}},"type":"if","locations":[{"start":{"line":61,"column":4},"end":{"line":63,"column":null}},{"start":{"line":61,"column":4},"end":{"line":63,"column":null}}]}},"s":{"0":2,"1":2,"2":0,"3":2,"4":0,"5":2,"6":0,"7":2,"8":4,"9":4,"10":3,"11":1,"12":1,"13":1,"14":1,"15":2,"16":2,"17":2,"18":1,"19":1,"20":2,"21":0,"22":0,"23":0,"24":0,"25":2,"26":0,"27":2},"f":{"0":0,"1":0,"2":0,"3":4,"4":1,"5":2,"6":0,"7":0},"b":{"0":[3,1],"1":[1,1],"2":[0,0]}}
,"C:\\Users\\elieb\\Documents\\Revature-Projects\\p0-proto\\src\\services\\items-service.ts": {"path":"C:\\Users\\elieb\\Documents\\Revature-Projects\\p0-proto\\src\\services\\items-service.ts","statementMap":{"0":{"start":{"line":1,"column":0},"end":{"line":1,"column":38}},"1":{"start":{"line":2,"column":0},"end":{"line":2,"column":46}},"2":{"start":{"line":7,"column":4},"end":{"line":7,"column":34}},"3":{"start":{"line":5,"column":0},"end":{"line":5,"column":16}},"4":{"start":{"line":12,"column":4},"end":{"line":12,"column":36}},"5":{"start":{"line":10,"column":0},"end":{"line":10,"column":16}},"6":{"start":{"line":22,"column":4},"end":{"line":22,"column":41}},"7":{"start":{"line":20,"column":0},"end":{"line":20,"column":16}},"8":{"start":{"line":28,"column":20},"end":{"line":29,"column":null}},"9":{"start":{"line":35,"column":4},"end":{"line":44,"column":null}},"10":{"start":{"line":37,"column":8},"end":{"line":37,"column":42}},"11":{"start":{"line":40,"column":8},"end":{"line":40,"column":42}},"12":{"start":{"line":41,"column":8},"end":{"line":41,"column":26}},"13":{"start":{"line":42,"column":8},"end":{"line":42,"column":73}},"14":{"start":{"line":43,"column":8},"end":{"line":43,"column":61}},"15":{"start":{"line":43,"column":48},"end":{"line":43,"column":59}},"16":{"start":{"line":25,"column":0},"end":{"line":25,"column":16}},"17":{"start":{"line":50,"column":17},"end":{"line":51,"column":null}},"18":{"start":{"line":54,"column":4},"end":{"line":57,"column":null}},"19":{"start":{"line":55,"column":8},"end":{"line":55,"column":46}},"20":{"start":{"line":56,"column":8},"end":{"line":56,"column":61}},"21":{"start":{"line":56,"column":48},"end":{"line":56,"column":59}},"22":{"start":{"line":59,"column":4},"end":{"line":59,"column":36}},"23":{"start":{"line":48,"column":0},"end":{"line":48,"column":16}},"24":{"start":{"line":65,"column":17},"end":{"line":66,"column":null}},"25":{"start":{"line":68,"column":4},"end":{"line":71,"column":null}},"26":{"start":{"line":69,"column":8},"end":{"line":69,"column":44}},"27":{"start":{"line":70,"column":8},"end":{"line":70,"column":61}},"28":{"start":{"line":70,"column":48},"end":{"line":70,"column":59}},"29":{"start":{"line":72,"column":4},"end":{"line":72,"column":34}},"30":{"start":{"line":63,"column":0},"end":{"line":63,"column":16}},"31":{"start":{"line":76,"column":4},"end":{"line":76,"column":35}},"32":{"start":{"line":75,"column":0},"end":{"line":75,"column":16}}},"fnMap":{"0":{"name":"getAllItems","decl":{"start":{"line":5,"column":16},"end":{"line":5,"column":27}},"loc":{"start":{"line":5,"column":27},"end":{"line":8,"column":1}}},"1":{"name":"getItemById","decl":{"start":{"line":10,"column":16},"end":{"line":10,"column":27}},"loc":{"start":{"line":10,"column":38},"end":{"line":13,"column":1}}},"2":{"name":"getItemsByUserId","decl":{"start":{"line":20,"column":16},"end":{"line":20,"column":32}},"loc":{"start":{"line":20,"column":43},"end":{"line":23,"column":1}}},"3":{"name":"saveItem","decl":{"start":{"line":25,"column":16},"end":{"line":25,"column":24}},"loc":{"start":{"line":25,"column":34},"end":{"line":45,"column":1}}},"4":{"name":"(anonymous_5)","decl":{"start":{"line":43,"column":27},"end":{"line":43,"column":28}},"loc":{"start":{"line":43,"column":48},"end":{"line":43,"column":59}}},"5":{"name":"patchItem","decl":{"start":{"line":48,"column":16},"end":{"line":48,"column":25}},"loc":{"start":{"line":48,"column":36},"end":{"line":61,"column":1}}},"6":{"name":"(anonymous_7)","decl":{"start":{"line":56,"column":27},"end":{"line":56,"column":28}},"loc":{"start":{"line":56,"column":48},"end":{"line":56,"column":59}}},"7":{"name":"putItem","decl":{"start":{"line":63,"column":16},"end":{"line":63,"column":23}},"loc":{"start":{"line":63,"column":34},"end":{"line":73,"column":1}}},"8":{"name":"(anonymous_9)","decl":{"start":{"line":70,"column":27},"end":{"line":70,"column":28}},"loc":{"start":{"line":70,"column":48},"end":{"line":70,"column":59}}},"9":{"name":"deleteItem","decl":{"start":{"line":75,"column":16},"end":{"line":75,"column":26}},"loc":{"start":{"line":75,"column":37},"end":{"line":77,"column":1}}}},"branchMap":{"0":{"loc":{"start":{"line":35,"column":4},"end":{"line":44,"column":null}},"type":"if","locations":[{"start":{"line":35,"column":4},"end":{"line":44,"column":null}},{"start":{"line":35,"column":4},"end":{"line":44,"column":null}}]},"1":{"loc":{"start":{"line":54,"column":4},"end":{"line":57,"column":null}},"type":"if","locations":[{"start":{"line":54,"column":4},"end":{"line":57,"column":null}},{"start":{"line":54,"column":4},"end":{"line":57,"column":null}}]},"2":{"loc":{"start":{"line":68,"column":4},"end":{"line":71,"column":null}},"type":"if","locations":[{"start":{"line":68,"column":4},"end":{"line":71,"column":null}},{"start":{"line":68,"column":4},"end":{"line":71,"column":null}}]}},"s":{"0":2,"1":2,"2":0,"3":2,"4":0,"5":2,"6":0,"7":2,"8":4,"9":4,"10":3,"11":1,"12":1,"13":1,"14":1,"15":1,"16":2,"17":2,"18":2,"19":1,"20":1,"21":1,"22":1,"23":2,"24":2,"25":2,"26":1,"27":1,"28":1,"29":1,"30":2,"31":0,"32":2},"f":{"0":0,"1":0,"2":0,"3":4,"4":1,"5":2,"6":1,"7":2,"8":1,"9":0},"b":{"0":[3,1],"1":[1,1],"2":[1,1]}}
,"C:\\Users\\elieb\\Documents\\Revature-Projects\\p0-proto\\src\\services\\users-service.ts": {"path":"C:\\Users\\elieb\\Documents\\Revature-Projects\\p0-proto\\src\\services\\users-service.ts","statementMap":{"0":{"start":{"line":1,"column":0},"end":{"line":1,"column":38}},"1":{"start":{"line":2,"column":0},"end":{"line":2,"column":46}},"2":{"start":{"line":6,"column":4},"end":{"line":6,"column":34}},"3":{"start":{"line":4,"column":0},"end":{"line":4,"column":16}},"4":{"start":{"line":11,"column":4},"end":{"line":11,"column":36}},"5":{"start":{"line":9,"column":0},"end":{"line":9,"column":16}},"6":{"start":{"line":22,"column":20},"end":{"line":23,"column":null}},"7":{"start":{"line":26,"column":4},"end":{"line":28,"column":null}},"8":{"start":{"line":27,"column":8},"end":{"line":27,"column":91}},"9":{"start":{"line":32,"column":4},"end":{"line":42,"column":null}},"10":{"start":{"line":34,"column":8},"end":{"line":34,"column":26}},"11":{"start":{"line":36,"column":8},"end":{"line":36,"column":42}},"12":{"start":{"line":39,"column":8},"end":{"line":39,"column":37}},"13":{"start":{"line":40,"column":8},"end":{"line":40,"column":null}},"14":{"start":{"line":41,"column":8},"end":{"line":41,"column":61}},"15":{"start":{"line":41,"column":48},"end":{"line":41,"column":59}},"16":{"start":{"line":19,"column":0},"end":{"line":19,"column":16}},"17":{"start":{"line":48,"column":17},"end":{"line":49,"column":null}},"18":{"start":{"line":52,"column":4},"end":{"line":55,"column":null}},"19":{"start":{"line":53,"column":8},"end":{"line":53,"column":null}},"20":{"start":{"line":54,"column":8},"end":{"line":54,"column":61}},"21":{"start":{"line":54,"column":48},"end":{"line":54,"column":59}},"22":{"start":{"line":57,"column":4},"end":{"line":57,"column":36}},"23":{"start":{"line":46,"column":0},"end":{"line":46,"column":16}},"24":{"start":{"line":62,"column":17},"end":{"line":62,"column":64}},"25":{"start":{"line":64,"column":4},"end":{"line":69,"column":null}},"26":{"start":{"line":65,"column":8},"end":{"line":67,"column":null}},"27":{"start":{"line":66,"column":12},"end":{"line":66,"column":43}},"28":{"start":{"line":68,"column":8},"end":{"line":68,"column":38}},"29":{"start":{"line":70,"column":4},"end":{"line":70,"column":null}},"30":{"start":{"line":71,"column":4},"end":{"line":71,"column":57}},"31":{"start":{"line":71,"column":44},"end":{"line":71,"column":55}},"32":{"start":{"line":60,"column":0},"end":{"line":60,"column":16}},"33":{"start":{"line":75,"column":17},"end":{"line":76,"column":null}},"34":{"start":{"line":78,"column":4},"end":{"line":80,"column":null}},"35":{"start":{"line":79,"column":8},"end":{"line":79,"column":42}},"36":{"start":{"line":81,"column":4},"end":{"line":81,"column":75}},"37":{"start":{"line":82,"column":4},"end":{"line":82,"column":57}},"38":{"start":{"line":82,"column":44},"end":{"line":82,"column":55}},"39":{"start":{"line":74,"column":0},"end":{"line":74,"column":16}},"40":{"start":{"line":86,"column":4},"end":{"line":86,"column":35}},"41":{"start":{"line":85,"column":0},"end":{"line":85,"column":16}},"42":{"start":{"line":90,"column":17},"end":{"line":90,"column":57}},"43":{"start":{"line":91,"column":4},"end":{"line":95,"column":null}},"44":{"start":{"line":92,"column":8},"end":{"line":92,"column":21}},"45":{"start":{"line":94,"column":8},"end":{"line":94,"column":22}},"46":{"start":{"line":89,"column":0},"end":{"line":89,"column":16}}},"fnMap":{"0":{"name":"getAllUsers","decl":{"start":{"line":4,"column":16},"end":{"line":4,"column":27}},"loc":{"start":{"line":4,"column":27},"end":{"line":7,"column":1}}},"1":{"name":"getUserById","decl":{"start":{"line":9,"column":16},"end":{"line":9,"column":27}},"loc":{"start":{"line":9,"column":38},"end":{"line":12,"column":1}}},"2":{"name":"saveUser","decl":{"start":{"line":19,"column":16},"end":{"line":19,"column":24}},"loc":{"start":{"line":19,"column":34},"end":{"line":43,"column":1}}},"3":{"name":"(anonymous_4)","decl":{"start":{"line":41,"column":27},"end":{"line":41,"column":28}},"loc":{"start":{"line":41,"column":48},"end":{"line":41,"column":59}}},"4":{"name":"patchUser","decl":{"start":{"line":46,"column":16},"end":{"line":46,"column":25}},"loc":{"start":{"line":46,"column":36},"end":{"line":58,"column":1}}},"5":{"name":"(anonymous_6)","decl":{"start":{"line":54,"column":27},"end":{"line":54,"column":28}},"loc":{"start":{"line":54,"column":48},"end":{"line":54,"column":59}}},"6":{"name":"putUser","decl":{"start":{"line":60,"column":16},"end":{"line":60,"column":23}},"loc":{"start":{"line":60,"column":34},"end":{"line":72,"column":1}}},"7":{"name":"(anonymous_8)","decl":{"start":{"line":71,"column":23},"end":{"line":71,"column":24}},"loc":{"start":{"line":71,"column":44},"end":{"line":71,"column":55}}},"8":{"name":"putUserAtId","decl":{"start":{"line":74,"column":16},"end":{"line":74,"column":27}},"loc":{"start":{"line":74,"column":50},"end":{"line":83,"column":1}}},"9":{"name":"(anonymous_10)","decl":{"start":{"line":82,"column":23},"end":{"line":82,"column":24}},"loc":{"start":{"line":82,"column":44},"end":{"line":82,"column":55}}},"10":{"name":"deleteUser","decl":{"start":{"line":85,"column":16},"end":{"line":85,"column":26}},"loc":{"start":{"line":85,"column":37},"end":{"line":87,"column":1}}},"11":{"name":"idTest","decl":{"start":{"line":89,"column":16},"end":{"line":89,"column":22}},"loc":{"start":{"line":89,"column":33},"end":{"line":96,"column":1}}}},"branchMap":{"0":{"loc":{"start":{"line":26,"column":4},"end":{"line":28,"column":null}},"type":"if","locations":[{"start":{"line":26,"column":4},"end":{"line":28,"column":null}},{"start":{"line":26,"column":4},"end":{"line":28,"column":null}}]},"1":{"loc":{"start":{"line":32,"column":4},"end":{"line":42,"column":null}},"type":"if","locations":[{"start":{"line":32,"column":4},"end":{"line":42,"column":null}},{"start":{"line":32,"column":4},"end":{"line":42,"column":null}}]},"2":{"loc":{"start":{"line":32,"column":7},"end":{"line":32,"column":23}},"type":"binary-expr","locations":[{"start":{"line":32,"column":7},"end":{"line":32,"column":23}},{"start":{"line":32,"column":27},"end":{"line":32,"column":40}}]},"3":{"loc":{"start":{"line":52,"column":4},"end":{"line":55,"column":null}},"type":"if","locations":[{"start":{"line":52,"column":4},"end":{"line":55,"column":null}},{"start":{"line":52,"column":4},"end":{"line":55,"column":null}}]},"4":{"loc":{"start":{"line":64,"column":4},"end":{"line":69,"column":null}},"type":"if","locations":[{"start":{"line":64,"column":4},"end":{"line":69,"column":null}},{"start":{"line":64,"column":4},"end":{"line":69,"column":null}}]},"5":{"loc":{"start":{"line":64,"column":8},"end":{"line":64,"column":21}},"type":"binary-expr","locations":[{"start":{"line":64,"column":8},"end":{"line":64,"column":21}},{"start":{"line":64,"column":25},"end":{"line":64,"column":35}}]},"6":{"loc":{"start":{"line":65,"column":8},"end":{"line":67,"column":null}},"type":"if","locations":[{"start":{"line":65,"column":8},"end":{"line":67,"column":null}},{"start":{"line":65,"column":8},"end":{"line":67,"column":null}}]},"7":{"loc":{"start":{"line":78,"column":4},"end":{"line":80,"column":null}},"type":"if","locations":[{"start":{"line":78,"column":4},"end":{"line":80,"column":null}},{"start":{"line":78,"column":4},"end":{"line":80,"column":null}}]},"8":{"loc":{"start":{"line":78,"column":8},"end":{"line":78,"column":15}},"type":"binary-expr","locations":[{"start":{"line":78,"column":8},"end":{"line":78,"column":15}},{"start":{"line":78,"column":19},"end":{"line":78,"column":32}},{"start":{"line":78,"column":36},"end":{"line":78,"column":46}}]},"9":{"loc":{"start":{"line":91,"column":4},"end":{"line":95,"column":null}},"type":"if","locations":[{"start":{"line":91,"column":4},"end":{"line":95,"column":null}},{"start":{"line":91,"column":4},"end":{"line":95,"column":null}}]}},"s":{"0":2,"1":2,"2":0,"3":2,"4":0,"5":2,"6":5,"7":5,"8":1,"9":5,"10":3,"11":3,"12":2,"13":2,"14":2,"15":2,"16":2,"17":2,"18":2,"19":1,"20":1,"21":1,"22":1,"23":2,"24":2,"25":2,"26":2,"27":1,"28":1,"29":0,"30":0,"31":0,"32":2,"33":4,"34":4,"35":1,"36":3,"37":3,"38":3,"39":2,"40":0,"41":2,"42":2,"43":2,"44":1,"45":1,"46":2},"f":{"0":0,"1":0,"2":5,"3":2,"4":2,"5":1,"6":2,"7":0,"8":4,"9":3,"10":0,"11":2},"b":{"0":[1,4],"1":[3,2],"2":[5,4],"3":[1,1],"4":[2,0],"5":[2,2],"6":[1,1],"7":[1,3],"8":[4,3,2],"9":[1,1]}}
}
