TN:
SF:src\daos\db.ts
FNF:0
FNH:0
DA:13,6
DA:15,6
DA:24,6
LF:3
LH:3
BRF:0
BRH:0
end_of_record
TN:
SF:src\models\Collection.ts
FN:17,(anonymous_0)
FN:10,(anonymous_1)
FNF:2
FNH:1
FNDA:6,(anonymous_0)
FNDA:0,(anonymous_1)
DA:1,3
DA:11,0
DA:14,0
DA:18,6
DA:19,6
DA:20,6
LF:6
LH:4
BRF:0
BRH:0
end_of_record
TN:
SF:src\models\Item.ts
FN:18,(anonymous_0)
FN:11,(anonymous_1)
FNF:2
FNH:1
FNDA:8,(anonymous_0)
FNDA:0,(anonymous_1)
DA:1,3
DA:12,0
DA:15,0
DA:19,8
DA:20,8
DA:21,8
DA:22,8
LF:7
LH:5
BRF:0
BRH:0
end_of_record
TN:
SF:src\models\User.ts
FN:17,(anonymous_0)
FN:10,(anonymous_1)
FNF:2
FNH:1
FNDA:15,(anonymous_0)
FNDA:0,(anonymous_1)
DA:1,3
DA:11,0
DA:14,0
DA:18,15
DA:19,15
DA:20,15
LF:6
LH:4
BRF:0
BRH:0
end_of_record
TN:
SF:src\routers\collections-router.ts
FN:10,(anonymous_2)
FN:11,(anonymous_3)
FN:14,(anonymous_4)
FN:25,(anonymous_5)
FN:27,(anonymous_6)
FN:34,(anonymous_7)
FN:41,(anonymous_8)
FN:43,(anonymous_9)
FN:50,(anonymous_10)
FN:62,(anonymous_11)
FN:65,(anonymous_12)
FN:69,(anonymous_13)
FN:77,(anonymous_14)
FN:80,(anonymous_15)
FN:86,(anonymous_16)
FN:89,(anonymous_17)
FN:95,(anonymous_18)
FN:98,(anonymous_19)
FN:103,(anonymous_20)
FN:109,(anonymous_21)
FN:112,(anonymous_22)
FN:117,(anonymous_23)
FN:119,(anonymous_24)
FN:127,(anonymous_25)
FN:130,(anonymous_26)
FNF:25
FNH:24
FNDA:2,(anonymous_2)
FNDA:1,(anonymous_3)
FNDA:1,(anonymous_4)
FNDA:3,(anonymous_5)
FNDA:2,(anonymous_6)
FNDA:1,(anonymous_7)
FNDA:3,(anonymous_8)
FNDA:2,(anonymous_9)
FNDA:1,(anonymous_10)
FNDA:2,(anonymous_11)
FNDA:1,(anonymous_12)
FNDA:1,(anonymous_13)
FNDA:3,(anonymous_14)
FNDA:2,(anonymous_15)
FNDA:1,(anonymous_16)
FNDA:3,(anonymous_17)
FNDA:3,(anonymous_18)
FNDA:2,(anonymous_19)
FNDA:0,(anonymous_20)
FNDA:1,(anonymous_21)
FNDA:3,(anonymous_22)
FNDA:3,(anonymous_23)
FNDA:2,(anonymous_24)
FNDA:1,(anonymous_25)
FNDA:3,(anonymous_26)
DA:1,1
DA:2,1
DA:4,1
DA:10,1
DA:11,2
DA:12,1
DA:13,1
DA:15,1
DA:16,1
DA:25,1
DA:26,3
DA:27,3
DA:28,2
DA:29,1
DA:31,1
DA:33,2
DA:35,1
DA:36,1
DA:37,1
DA:41,1
DA:42,3
DA:43,3
DA:44,2
DA:45,0
DA:47,2
DA:49,2
DA:51,1
DA:52,1
DA:53,1
DA:62,1
DA:63,2
DA:64,2
DA:66,1
DA:67,1
DA:68,1
DA:70,1
DA:71,1
DA:72,1
DA:77,1
DA:78,3
DA:79,3
DA:81,2
DA:82,1
DA:84,1
DA:87,1
DA:88,1
DA:90,3
DA:95,1
DA:96,3
DA:97,3
DA:99,2
DA:100,2
DA:102,0
DA:104,0
DA:105,0
DA:106,0
DA:110,1
DA:111,1
DA:113,3
DA:117,1
DA:118,3
DA:119,3
DA:120,2
DA:121,1
DA:123,1
DA:124,1
DA:125,1
DA:128,1
DA:129,1
DA:131,3
LF:70
LH:65
BRDA:28,0,0,1
BRDA:28,0,1,1
BRDA:44,1,0,0
BRDA:44,1,1,2
BRDA:81,2,0,1
BRDA:81,2,1,1
BRDA:99,3,0,2
BRDA:99,3,1,0
BRDA:120,4,0,1
BRDA:120,4,1,1
BRF:10
BRH:8
end_of_record
TN:
SF:src\routers\items-router.ts
FN:10,(anonymous_2)
FN:11,(anonymous_3)
FN:14,(anonymous_4)
FN:25,(anonymous_5)
FN:27,(anonymous_6)
FN:35,(anonymous_7)
FN:47,(anonymous_8)
FN:49,(anonymous_9)
FN:58,(anonymous_10)
FN:72,(anonymous_11)
FN:75,(anonymous_12)
FN:79,(anonymous_13)
FN:87,(anonymous_14)
FN:90,(anonymous_15)
FN:97,(anonymous_16)
FN:100,(anonymous_17)
FN:106,(anonymous_18)
FN:109,(anonymous_19)
FN:114,(anonymous_20)
FN:120,(anonymous_21)
FN:123,(anonymous_22)
FN:129,(anonymous_23)
FN:131,(anonymous_24)
FN:139,(anonymous_25)
FN:142,(anonymous_26)
FNF:25
FNH:20
FNDA:2,(anonymous_2)
FNDA:1,(anonymous_3)
FNDA:1,(anonymous_4)
FNDA:6,(anonymous_5)
FNDA:2,(anonymous_6)
FNDA:4,(anonymous_7)
FNDA:0,(anonymous_8)
FNDA:0,(anonymous_9)
FNDA:0,(anonymous_10)
FNDA:2,(anonymous_11)
FNDA:1,(anonymous_12)
FNDA:1,(anonymous_13)
FNDA:3,(anonymous_14)
FNDA:2,(anonymous_15)
FNDA:2,(anonymous_16)
FNDA:3,(anonymous_17)
FNDA:3,(anonymous_18)
FNDA:2,(anonymous_19)
FNDA:0,(anonymous_20)
FNDA:1,(anonymous_21)
FNDA:3,(anonymous_22)
FNDA:3,(anonymous_23)
FNDA:0,(anonymous_24)
FNDA:3,(anonymous_25)
FNDA:3,(anonymous_26)
DA:1,1
DA:2,1
DA:4,1
DA:10,1
DA:11,2
DA:12,1
DA:13,1
DA:15,1
DA:16,1
DA:25,1
DA:26,6
DA:27,6
DA:28,2
DA:29,1
DA:30,1
DA:32,1
DA:34,2
DA:36,4
DA:37,4
DA:38,4
DA:47,1
DA:48,0
DA:49,0
DA:50,0
DA:51,0
DA:52,0
DA:54,0
DA:55,0
DA:56,0
DA:59,0
DA:60,0
DA:61,0
DA:72,1
DA:73,2
DA:74,2
DA:76,1
DA:77,1
DA:78,1
DA:80,1
DA:81,1
DA:82,1
DA:87,1
DA:88,3
DA:89,3
DA:91,2
DA:92,1
DA:93,1
DA:95,1
DA:98,2
DA:99,2
DA:101,3
DA:106,1
DA:107,3
DA:108,3
DA:110,2
DA:111,2
DA:113,0
DA:115,0
DA:116,0
DA:117,0
DA:121,1
DA:122,1
DA:124,3
DA:129,1
DA:130,3
DA:131,3
DA:132,0
DA:133,0
DA:135,0
DA:136,0
DA:137,0
DA:140,3
DA:141,3
DA:143,3
LF:74
LH:54
BRDA:28,0,0,1
BRDA:28,0,1,1
BRDA:50,1,0,0
BRDA:50,1,1,0
BRDA:91,2,0,1
BRDA:91,2,1,1
BRDA:110,3,0,2
BRDA:110,3,1,0
BRDA:132,4,0,0
BRDA:132,4,1,0
BRF:10
BRH:5
end_of_record
TN:
SF:src\routers\users-router.ts
FN:13,(anonymous_2)
FN:14,(anonymous_3)
FN:17,(anonymous_4)
FN:28,(anonymous_5)
FN:30,(anonymous_6)
FN:37,(anonymous_7)
FN:49,(anonymous_8)
FN:53,(anonymous_9)
FN:57,(anonymous_10)
FN:65,(anonymous_11)
FN:68,(anonymous_12)
FN:74,(anonymous_13)
FN:77,(anonymous_14)
FN:83,(anonymous_15)
FN:88,(anonymous_16)
FN:95,(anonymous_17)
FN:103,(anonymous_18)
FN:108,(anonymous_19)
FN:140,(anonymous_20)
FN:149,(anonymous_21)
FN:157,(anonymous_22)
FN:163,(anonymous_23)
FN:170,(anonymous_24)
FN:172,(anonymous_25)
FN:181,(anonymous_26)
FNF:25
FNH:20
FNDA:1,(anonymous_2)
FNDA:1,(anonymous_3)
FNDA:0,(anonymous_4)
FNDA:3,(anonymous_5)
FNDA:2,(anonymous_6)
FNDA:1,(anonymous_7)
FNDA:2,(anonymous_8)
FNDA:1,(anonymous_9)
FNDA:1,(anonymous_10)
FNDA:3,(anonymous_11)
FNDA:2,(anonymous_12)
FNDA:1,(anonymous_13)
FNDA:3,(anonymous_14)
FNDA:5,(anonymous_15)
FNDA:0,(anonymous_16)
FNDA:2,(anonymous_17)
FNDA:1,(anonymous_18)
FNDA:2,(anonymous_19)
FNDA:3,(anonymous_20)
FNDA:0,(anonymous_21)
FNDA:0,(anonymous_22)
FNDA:0,(anonymous_23)
FNDA:3,(anonymous_24)
FNDA:2,(anonymous_25)
FNDA:1,(anonymous_26)
DA:1,1
DA:2,1
DA:7,1
DA:13,1
DA:14,1
DA:15,1
DA:16,1
DA:18,0
DA:19,0
DA:28,1
DA:29,3
DA:30,3
DA:31,2
DA:32,1
DA:34,1
DA:36,2
DA:38,1
DA:39,1
DA:40,1
DA:49,1
DA:51,2
DA:52,2
DA:54,1
DA:55,1
DA:56,1
DA:58,1
DA:59,1
DA:60,1
DA:65,1
DA:66,3
DA:67,3
DA:69,2
DA:70,1
DA:72,1
DA:75,1
DA:76,1
DA:78,3
DA:83,1
DA:84,5
DA:85,5
DA:86,0
DA:87,0
DA:89,0
DA:90,0
DA:91,0
DA:94,5
DA:96,2
DA:97,1
DA:98,1
DA:99,1
DA:101,1
DA:102,1
DA:104,1
DA:105,1
DA:106,1
DA:109,2
DA:110,2
DA:111,2
DA:140,1
DA:141,3
DA:142,3
DA:143,3
DA:144,3
DA:145,3
DA:146,3
DA:148,0
DA:150,0
DA:151,0
DA:152,0
DA:155,0
DA:156,0
DA:158,0
DA:159,0
DA:160,0
DA:164,0
DA:165,0
DA:166,0
DA:170,1
DA:171,3
DA:172,3
DA:173,2
DA:174,0
DA:175,0
DA:177,2
DA:178,2
DA:179,2
DA:182,1
DA:183,1
DA:184,1
LF:89
LH:68
BRDA:31,0,0,1
BRDA:31,0,1,1
BRDA:69,1,0,1
BRDA:69,1,1,1
BRDA:85,2,0,0
BRDA:85,2,1,5
BRDA:96,3,0,1
BRDA:96,3,1,1
BRDA:143,4,0,3
BRDA:143,4,1,0
BRDA:150,5,0,0
BRDA:150,5,1,0
BRDA:173,6,0,0
BRDA:173,6,1,2
BRF:14
BRH:9
end_of_record
TN:
SF:src\services\collections-service.ts
FN:4,getAllCollections
FN:9,getCollectionById
FN:14,getCollectionsByUserId
FN:19,saveCollection
FN:36,(anonymous_5)
FN:41,patchCollection
FN:55,putCollection
FN:68,deleteCollection
FNF:8
FNH:3
FNDA:0,getAllCollections
FNDA:0,getCollectionById
FNDA:0,getCollectionsByUserId
FNDA:4,saveCollection
FNDA:1,(anonymous_5)
FNDA:2,patchCollection
FNDA:0,putCollection
FNDA:0,deleteCollection
DA:1,2
DA:2,2
DA:4,2
DA:6,0
DA:9,2
DA:11,0
DA:14,2
DA:16,0
DA:19,2
DA:22,4
DA:29,4
DA:31,3
DA:34,1
DA:35,1
DA:36,1
DA:41,2
DA:43,2
DA:47,2
DA:48,1
DA:51,1
DA:55,2
DA:57,0
DA:61,0
DA:62,0
DA:65,0
DA:68,2
DA:69,0
LF:27
LH:19
BRDA:29,0,0,3
BRDA:29,0,1,1
BRDA:47,1,0,1
BRDA:47,1,1,1
BRDA:61,2,0,0
BRDA:61,2,1,0
BRF:6
BRH:4
end_of_record
TN:
SF:src\services\items-service.ts
FN:5,getAllItems
FN:10,getItemById
FN:20,getItemsByUserId
FN:25,saveItem
FN:43,(anonymous_5)
FN:48,patchItem
FN:56,(anonymous_7)
FN:63,putItem
FN:70,(anonymous_9)
FN:75,deleteItem
FNF:10
FNH:6
FNDA:0,getAllItems
FNDA:0,getItemById
FNDA:0,getItemsByUserId
FNDA:4,saveItem
FNDA:1,(anonymous_5)
FNDA:2,patchItem
FNDA:1,(anonymous_7)
FNDA:2,putItem
FNDA:1,(anonymous_9)
FNDA:0,deleteItem
DA:1,2
DA:2,2
DA:5,2
DA:7,0
DA:10,2
DA:12,0
DA:20,2
DA:22,0
DA:25,2
DA:28,4
DA:35,4
DA:37,3
DA:40,1
DA:41,1
DA:42,1
DA:43,1
DA:48,2
DA:50,2
DA:54,2
DA:55,1
DA:56,1
DA:59,1
DA:63,2
DA:65,2
DA:68,2
DA:69,1
DA:70,1
DA:72,1
DA:75,2
DA:76,0
LF:30
LH:26
BRDA:35,0,0,3
BRDA:35,0,1,1
BRDA:54,1,0,1
BRDA:54,1,1,1
BRDA:68,2,0,1
BRDA:68,2,1,1
BRF:6
BRH:6
end_of_record
TN:
SF:src\services\users-service.ts
FN:4,getAllUsers
FN:9,getUserById
FN:19,saveUser
FN:41,(anonymous_4)
FN:46,patchUser
FN:54,(anonymous_6)
FN:60,putUser
FN:71,(anonymous_8)
FN:74,putUserAtId
FN:82,(anonymous_10)
FN:85,deleteUser
FN:89,idTest
FNF:12
FNH:8
FNDA:0,getAllUsers
FNDA:0,getUserById
FNDA:5,saveUser
FNDA:2,(anonymous_4)
FNDA:2,patchUser
FNDA:1,(anonymous_6)
FNDA:2,putUser
FNDA:0,(anonymous_8)
FNDA:4,putUserAtId
FNDA:3,(anonymous_10)
FNDA:0,deleteUser
FNDA:2,idTest
DA:1,2
DA:2,2
DA:4,2
DA:6,0
DA:9,2
DA:11,0
DA:19,2
DA:22,5
DA:26,5
DA:27,1
DA:32,5
DA:34,3
DA:36,3
DA:39,2
DA:40,2
DA:41,2
DA:46,2
DA:48,2
DA:52,2
DA:53,1
DA:54,1
DA:57,1
DA:60,2
DA:62,2
DA:64,2
DA:65,2
DA:66,1
DA:68,1
DA:70,0
DA:71,0
DA:74,2
DA:75,4
DA:78,4
DA:79,1
DA:81,3
DA:82,3
DA:85,2
DA:86,0
DA:89,2
DA:90,2
DA:91,2
DA:92,1
DA:94,1
LF:43
LH:38
BRDA:26,0,0,1
BRDA:26,0,1,4
BRDA:32,1,0,3
BRDA:32,1,1,2
BRDA:32,2,0,5
BRDA:32,2,1,4
BRDA:52,3,0,1
BRDA:52,3,1,1
BRDA:64,4,0,2
BRDA:64,4,1,0
BRDA:64,5,0,2
BRDA:64,5,1,2
BRDA:65,6,0,1
BRDA:65,6,1,1
BRDA:78,7,0,1
BRDA:78,7,1,3
BRDA:78,8,0,4
BRDA:78,8,1,3
BRDA:78,8,2,2
BRDA:91,9,0,1
BRDA:91,9,1,1
BRF:21
BRH:20
end_of_record
